# JRE version: Java(TM) SE Runtime Environment (8.0_60-b27) (build 1.8.0_60-b27)
# Java VM: Java HotSpot(TM) 64-Bit Server VM (25.60-b23 mixed mode bsd-amd64 compressed oops)
Heap:
 PSYoungGen      total 29696K, used 13581K [0x00000007aab00000, 0x00000007ad000000, 0x00000007c0000000)
  eden space 23552K, 57% used [0x00000007aab00000,0x00000007ab82b7b0,0x00000007ac200000)
  from space 6144K, 1% used [0x00000007aca00000,0x00000007aca18000,0x00000007ad000000)
  to   space 7168K, 0% used [0x00000007ac200000,0x00000007ac200000,0x00000007ac900000)
 ParOldGen       total 46592K, used 16494K [0x0000000780000000, 0x0000000782d80000, 0x00000007aab00000)
  object space 46592K, 35% used [0x0000000780000000,0x000000078101b808,0x0000000782d80000)
 Metaspace       used 21266K, capacity 21471K, committed 21808K, reserved 1069056K
  class space    used 2063K, capacity 2112K, committed 2176K, reserved 1048576K
GC Heap History (10 events):
Event: 38.774 GC heap before
{Heap before GC invocations=19 (full 1):
 PSYoungGen      total 26624K, used 26240K [0x00000007aab00000, 0x00000007ad680000, 0x00000007c0000000)
  eden space 26112K, 100% used [0x00000007aab00000,0x00000007ac480000,0x00000007ac480000)
  from space 512K, 25% used [0x00000007ac500000,0x00000007ac520000,0x00000007ac580000)
  to   space 9216K, 0% used [0x00000007acd80000,0x00000007acd80000,0x00000007ad680000)
 ParOldGen       total 46592K, used 16478K [0x0000000780000000, 0x0000000782d80000, 0x00000007aab00000)
  object space 46592K, 35% used [0x0000000780000000,0x0000000781017808,0x0000000782d80000)
 Metaspace       used 21039K, capacity 21279K, committed 21552K, reserved 1069056K
  class space    used 2040K, capacity 2112K, committed 2176K, reserved 1048576K
Event: 38.776 GC heap after
Heap after GC invocations=19 (full 1):
 PSYoungGen      total 33280K, used 128K [0x00000007aab00000, 0x00000007ad500000, 0x00000007c0000000)
  eden space 25600K, 0% used [0x00000007aab00000,0x00000007aab00000,0x00000007ac400000)
  from space 7680K, 1% used [0x00000007acd80000,0x00000007acda0000,0x00000007ad500000)
  to   space 8704K, 0% used [0x00000007ac400000,0x00000007ac400000,0x00000007acc80000)
 ParOldGen       total 46592K, used 16478K [0x0000000780000000, 0x0000000782d80000, 0x00000007aab00000)
  object space 46592K, 35% used [0x0000000780000000,0x0000000781017808,0x0000000782d80000)
 Metaspace       used 21039K, capacity 21279K, committed 21552K, reserved 1069056K
  class space    used 2040K, capacity 2112K, committed 2176K, reserved 1048576K
}
Event: 42.334 GC heap before
{Heap before GC invocations=20 (full 1):
 PSYoungGen      total 33280K, used 25728K [0x00000007aab00000, 0x00000007ad500000, 0x00000007c0000000)
  eden space 25600K, 100% used [0x00000007aab00000,0x00000007ac400000,0x00000007ac400000)
  from space 7680K, 1% used [0x00000007acd80000,0x00000007acda0000,0x00000007ad500000)
  to   space 8704K, 0% used [0x00000007ac400000,0x00000007ac400000,0x00000007acc80000)
 ParOldGen       total 46592K, used 16478K [0x0000000780000000, 0x0000000782d80000, 0x00000007aab00000)
  object space 46592K, 35% used [0x0000000780000000,0x0000000781017808,0x0000000782d80000)
 Metaspace       used 21042K, capacity 21279K, committed 21552K, reserved 1069056K
  class space    used 2040K, capacity 2112K, committed 2176K, reserved 1048576K
Event: 42.335 GC heap after
Heap after GC invocations=20 (full 1):
 PSYoungGen      total 25600K, used 128K [0x00000007aab00000, 0x00000007ad380000, 0x00000007c0000000)
  eden space 25088K, 0% used [0x00000007aab00000,0x00000007aab00000,0x00000007ac380000)
  from space 512K, 25% used [0x00000007ac400000,0x00000007ac420000,0x00000007ac480000)
  to   space 8192K, 0% used [0x00000007acb80000,0x00000007acb80000,0x00000007ad380000)
 ParOldGen       total 46592K, used 16478K [0x0000000780000000, 0x0000000782d80000, 0x00000007aab00000)
  object space 46592K, 35% used [0x0000000780000000,0x0000000781017808,0x0000000782d80000)
 Metaspace       used 21042K, capacity 21279K, committed 21552K, reserved 1069056K
  class space    used 2040K, capacity 2112K, committed 2176K, reserved 1048576K
}
Event: 44.682 GC heap before
{Heap before GC invocations=21 (full 1):
 PSYoungGen      total 25600K, used 25216K [0x00000007aab00000, 0x00000007ad380000, 0x00000007c0000000)
  eden space 25088K, 100% used [0x00000007aab00000,0x00000007ac380000,0x00000007ac380000)
  from space 512K, 25% used [0x00000007ac400000,0x00000007ac420000,0x00000007ac480000)
  to   space 8192K, 0% used [0x00000007acb80000,0x00000007acb80000,0x00000007ad380000)
 ParOldGen       total 46592K, used 16478K [0x0000000780000000, 0x0000000782d80000, 0x00000007aab00000)
  object space 46592K, 35% used [0x0000000780000000,0x0000000781017808,0x0000000782d80000)
 Metaspace       used 21042K, capacity 21279K, committed 21552K, reserved 1069056K
  class space    used 2040K, capacity 2112K, committed 2176K, reserved 1048576K
Event: 44.683 GC heap after
Heap after GC invocations=21 (full 1):
 PSYoungGen      total 32256K, used 96K [0x00000007aab00000, 0x00000007ad300000, 0x00000007c0000000)
  eden space 24576K, 0% used [0x00000007aab00000,0x00000007aab00000,0x00000007ac300000)
  from space 7680K, 1% used [0x00000007acb80000,0x00000007acb98000,0x00000007ad300000)
  to   space 8192K, 0% used [0x00000007ac300000,0x00000007ac300000,0x00000007acb00000)
 ParOldGen       total 46592K, used 16478K [0x0000000780000000, 0x0000000782d80000, 0x00000007aab00000)
  object space 46592K, 35% used [0x0000000780000000,0x0000000781017808,0x0000000782d80000)
 Metaspace       used 21042K, capacity 21279K, committed 21552K, reserved 1069056K
  class space    used 2040K, capacity 2112K, committed 2176K, reserved 1048576K
}
Event: 46.989 GC heap before
{Heap before GC invocations=22 (full 1):
 PSYoungGen      total 32256K, used 24672K [0x00000007aab00000, 0x00000007ad300000, 0x00000007c0000000)
  eden space 24576K, 100% used [0x00000007aab00000,0x00000007ac300000,0x00000007ac300000)
  from space 7680K, 1% used [0x00000007acb80000,0x00000007acb98000,0x00000007ad300000)
  to   space 8192K, 0% used [0x00000007ac300000,0x00000007ac300000,0x00000007acb00000)
 ParOldGen       total 46592K, used 16478K [0x0000000780000000, 0x0000000782d80000, 0x00000007aab00000)
  object space 46592K, 35% used [0x0000000780000000,0x0000000781017808,0x0000000782d80000)
 Metaspace       used 21100K, capacity 21343K, committed 21552K, reserved 1069056K
  class space    used 2040K, capacity 2112K, committed 2176K, reserved 1048576K
Event: 46.990 GC heap after
Heap after GC invocations=22 (full 1):
 PSYoungGen      total 24576K, used 128K [0x00000007aab00000, 0x00000007ad180000, 0x00000007c0000000)
  eden space 24064K, 0% used [0x00000007aab00000,0x00000007aab00000,0x00000007ac280000)
  from space 512K, 25% used [0x00000007ac300000,0x00000007ac320000,0x00000007ac380000)
  to   space 7680K, 0% used [0x00000007aca00000,0x00000007aca00000,0x00000007ad180000)
 ParOldGen       total 46592K, used 16486K [0x0000000780000000, 0x0000000782d80000, 0x00000007aab00000)
  object space 46592K, 35% used [0x0000000780000000,0x0000000781019808,0x0000000782d80000)
 Metaspace       used 21100K, capacity 21343K, committed 21552K, reserved 1069056K
  class space    used 2040K, capacity 2112K, committed 2176K, reserved 1048576K
}
Event: 49.005 GC heap before
{Heap before GC invocations=23 (full 1):
 PSYoungGen      total 24576K, used 24192K [0x00000007aab00000, 0x00000007ad180000, 0x00000007c0000000)
  eden space 24064K, 100% used [0x00000007aab00000,0x00000007ac280000,0x00000007ac280000)
  from space 512K, 25% used [0x00000007ac300000,0x00000007ac320000,0x00000007ac380000)
  to   space 7680K, 0% used [0x00000007aca00000,0x00000007aca00000,0x00000007ad180000)
 ParOldGen       total 46592K, used 16486K [0x0000000780000000, 0x0000000782d80000, 0x00000007aab00000)
  object space 46592K, 35% used [0x0000000780000000,0x0000000781019808,0x0000000782d80000)
 Metaspace       used 21131K, capacity 21343K, committed 21552K, reserved 1069056K
  class space    used 2040K, capacity 2112K, committed 2176K, reserved 1048576K
Event: 49.006 GC heap after
Heap after GC invocations=23 (full 1):
 PSYoungGen      total 29696K, used 96K [0x00000007aab00000, 0x00000007ad000000, 0x00000007c0000000)
  eden space 23552K, 0% used [0x00000007aab00000,0x00000007aab00000,0x00000007ac200000)
  from space 6144K, 1% used [0x00000007aca00000,0x00000007aca18000,0x00000007ad000000)
  to   space 7168K, 0% used [0x00000007ac200000,0x00000007ac200000,0x00000007ac900000)
 ParOldGen       total 46592K, used 16494K [0x0000000780000000, 0x0000000782d80000, 0x00000007aab00000)
  object space 46592K, 35% used [0x0000000780000000,0x000000078101b808,0x0000000782d80000)
 Metaspace       used 21131K, capacity 21343K, committed 21552K, reserved 1069056K
  class space    used 2040K, capacity 2112K, committed 2176K, reserved 1048576K
}

