# JRE version: Java(TM) SE Runtime Environment (8.0_60-b27) (build 1.8.0_60-b27)
# Java VM: Java HotSpot(TM) 64-Bit Server VM (25.60-b23 mixed mode bsd-amd64 compressed oops)
Heap:
 PSYoungGen      total 38912K, used 1476K [0x00000007aab00000, 0x00000007adb00000, 0x00000007c0000000)
  eden space 30720K, 4% used [0x00000007aab00000,0x00000007aac71390,0x00000007ac900000)
  from space 8192K, 0% used [0x00000007ad300000,0x00000007ad300000,0x00000007adb00000)
  to   space 9216K, 0% used [0x00000007ac900000,0x00000007ac900000,0x00000007ad200000)
 ParOldGen       total 45568K, used 16384K [0x0000000780000000, 0x0000000782c80000, 0x00000007aab00000)
  object space 45568K, 35% used [0x0000000780000000,0x0000000781000138,0x0000000782c80000)
 Metaspace       used 21027K, capacity 21211K, committed 21552K, reserved 1069056K
  class space    used 2066K, capacity 2112K, committed 2176K, reserved 1048576K
GC Heap History (10 events):
Event: 4.958 GC heap before
{Heap before GC invocations=5 (full 0):
 PSYoungGen      total 18944K, used 18844K [0x00000007aab00000, 0x00000007ad000000, 0x00000007c0000000)
  eden space 16384K, 99% used [0x00000007aab00000,0x00000007abae70c0,0x00000007abb00000)
  from space 2560K, 100% used [0x00000007abd80000,0x00000007ac000000,0x00000007ac000000)
  to   space 2560K, 0% used [0x00000007abb00000,0x00000007abb00000,0x00000007abd80000)
 ParOldGen       total 44032K, used 13969K [0x0000000780000000, 0x0000000782b00000, 0x00000007aab00000)
  object space 44032K, 31% used [0x0000000780000000,0x0000000780da4610,0x0000000782b00000)
 Metaspace       used 20369K, capacity 20565K, committed 20864K, reserved 1069056K
  class space    used 2041K, capacity 2111K, committed 2176K, reserved 1048576K
Event: 4.968 GC heap after
Heap after GC invocations=5 (full 0):
 PSYoungGen      total 18944K, used 2528K [0x00000007aab00000, 0x00000007adf00000, 0x00000007c0000000)
  eden space 16384K, 0% used [0x00000007aab00000,0x00000007aab00000,0x00000007abb00000)
  from space 2560K, 98% used [0x00000007abb00000,0x00000007abd78010,0x00000007abd80000)
  to   space 10240K, 0% used [0x00000007ad500000,0x00000007ad500000,0x00000007adf00000)
 ParOldGen       total 44032K, used 17627K [0x0000000780000000, 0x0000000782b00000, 0x00000007aab00000)
  object space 44032K, 40% used [0x0000000780000000,0x0000000781136d78,0x0000000782b00000)
 Metaspace       used 20369K, capacity 20565K, committed 20864K, reserved 1069056K
  class space    used 2041K, capacity 2111K, committed 2176K, reserved 1048576K
}
Event: 5.637 GC heap before
{Heap before GC invocations=6 (full 0):
 PSYoungGen      total 18944K, used 18912K [0x00000007aab00000, 0x00000007adf00000, 0x00000007c0000000)
  eden space 16384K, 100% used [0x00000007aab00000,0x00000007abb00000,0x00000007abb00000)
  from space 2560K, 98% used [0x00000007abb00000,0x00000007abd78010,0x00000007abd80000)
  to   space 10240K, 0% used [0x00000007ad500000,0x00000007ad500000,0x00000007adf00000)
 ParOldGen       total 44032K, used 17627K [0x0000000780000000, 0x0000000782b00000, 0x00000007aab00000)
  object space 44032K, 40% used [0x0000000780000000,0x0000000781136d78,0x0000000782b00000)
 Metaspace       used 20496K, capacity 20699K, committed 20864K, reserved 1069056K
  class space    used 2042K, capacity 2112K, committed 2176K, reserved 1048576K
Event: 5.645 GC heap after
Heap after GC invocations=6 (full 0):
 PSYoungGen      total 41984K, used 5728K [0x00000007aab00000, 0x00000007ade00000, 0x00000007c0000000)
  eden space 32768K, 0% used [0x00000007aab00000,0x00000007aab00000,0x00000007acb00000)
  from space 9216K, 62% used [0x00000007ad500000,0x00000007ada980d0,0x00000007ade00000)
  to   space 9728K, 0% used [0x00000007acb00000,0x00000007acb00000,0x00000007ad480000)
 ParOldGen       total 44032K, used 17635K [0x0000000780000000, 0x0000000782b00000, 0x00000007aab00000)
  object space 44032K, 40% used [0x0000000780000000,0x0000000781138d78,0x0000000782b00000)
 Metaspace       used 20496K, capacity 20699K, committed 20864K, reserved 1069056K
  class space    used 2042K, capacity 2112K, committed 2176K, reserved 1048576K
}
Event: 10.327 GC heap before
{Heap before GC invocations=7 (full 0):
 PSYoungGen      total 41984K, used 38496K [0x00000007aab00000, 0x00000007ade00000, 0x00000007c0000000)
  eden space 32768K, 100% used [0x00000007aab00000,0x00000007acb00000,0x00000007acb00000)
  from space 9216K, 62% used [0x00000007ad500000,0x00000007ada980d0,0x00000007ade00000)
  to   space 9728K, 0% used [0x00000007acb00000,0x00000007acb00000,0x00000007ad480000)
 ParOldGen       total 44032K, used 17635K [0x0000000780000000, 0x0000000782b00000, 0x00000007aab00000)
  object space 44032K, 40% used [0x0000000780000000,0x0000000781138d78,0x0000000782b00000)
 Metaspace       used 20797K, capacity 21019K, committed 21296K, reserved 1069056K
  class space    used 2043K, capacity 2112K, committed 2176K, reserved 1048576K
Event: 10.336 GC heap after
Heap after GC invocations=7 (full 0):
 PSYoungGen      total 36864K, used 4704K [0x00000007aab00000, 0x00000007adc00000, 0x00000007c0000000)
  eden space 31744K, 0% used [0x00000007aab00000,0x00000007aab00000,0x00000007aca00000)
  from space 5120K, 91% used [0x00000007acb00000,0x00000007acf980d0,0x00000007ad000000)
  to   space 9216K, 0% used [0x00000007ad300000,0x00000007ad300000,0x00000007adc00000)
 ParOldGen       total 44032K, used 18747K [0x0000000780000000, 0x0000000782b00000, 0x00000007aab00000)
  object space 44032K, 42% used [0x0000000780000000,0x000000078124ede8,0x0000000782b00000)
 Metaspace       used 20797K, capacity 21019K, committed 21296K, reserved 1069056K
  class space    used 2043K, capacity 2112K, committed 2176K, reserved 1048576K
}
Event: 13.441 GC heap before
{Heap before GC invocations=8 (full 0):
 PSYoungGen      total 36864K, used 18817K [0x00000007aab00000, 0x00000007adc00000, 0x00000007c0000000)
  eden space 31744K, 44% used [0x00000007aab00000,0x00000007ab8c86e0,0x00000007aca00000)
  from space 5120K, 91% used [0x00000007acb00000,0x00000007acf980d0,0x00000007ad000000)
  to   space 9216K, 0% used [0x00000007ad300000,0x00000007ad300000,0x00000007adc00000)
 ParOldGen       total 44032K, used 18747K [0x0000000780000000, 0x0000000782b00000, 0x00000007aab00000)
  object space 44032K, 42% used [0x0000000780000000,0x000000078124ede8,0x0000000782b00000)
 Metaspace       used 20918K, capacity 21083K, committed 21296K, reserved 1069056K
  class space    used 2045K, capacity 2112K, committed 2176K, reserved 1048576K
Event: 13.445 GC heap after
Heap after GC invocations=8 (full 0):
 PSYoungGen      total 38912K, used 3712K [0x00000007aab00000, 0x00000007adb00000, 0x00000007c0000000)
  eden space 30720K, 0% used [0x00000007aab00000,0x00000007aab00000,0x00000007ac900000)
  from space 8192K, 45% used [0x00000007ad300000,0x00000007ad6a00d0,0x00000007adb00000)
  to   space 9216K, 0% used [0x00000007ac900000,0x00000007ac900000,0x00000007ad200000)
 ParOldGen       total 44032K, used 19684K [0x0000000780000000, 0x0000000782b00000, 0x00000007aab00000)
  object space 44032K, 44% used [0x0000000780000000,0x00000007813390c8,0x0000000782b00000)
 Metaspace       used 20918K, capacity 21083K, committed 21296K, reserved 1069056K
  class space    used 2045K, capacity 2112K, committed 2176K, reserved 1048576K
}
Event: 13.445 GC heap before
{Heap before GC invocations=9 (full 1):
 PSYoungGen      total 38912K, used 3712K [0x00000007aab00000, 0x00000007adb00000, 0x00000007c0000000)
  eden space 30720K, 0% used [0x00000007aab00000,0x00000007aab00000,0x00000007ac900000)
  from space 8192K, 45% used [0x00000007ad300000,0x00000007ad6a00d0,0x00000007adb00000)
  to   space 9216K, 0% used [0x00000007ac900000,0x00000007ac900000,0x00000007ad200000)
 ParOldGen       total 44032K, used 19684K [0x0000000780000000, 0x0000000782b00000, 0x00000007aab00000)
  object space 44032K, 44% used [0x0000000780000000,0x00000007813390c8,0x0000000782b00000)
 Metaspace       used 20918K, capacity 21083K, committed 21296K, reserved 1069056K
  class space    used 2045K, capacity 2112K, committed 2176K, reserved 1048576K
Event: 13.491 GC heap after
Heap after GC invocations=9 (full 1):
 PSYoungGen      total 38912K, used 0K [0x00000007aab00000, 0x00000007adb00000, 0x00000007c0000000)
  eden space 30720K, 0% used [0x00000007aab00000,0x00000007aab00000,0x00000007ac900000)
  from space 8192K, 0% used [0x00000007ad300000,0x00000007ad300000,0x00000007adb00000)
  to   space 9216K, 0% used [0x00000007ac900000,0x00000007ac900000,0x00000007ad200000)
 ParOldGen       total 45568K, used 16384K [0x0000000780000000, 0x0000000782c80000, 0x00000007aab00000)
  object space 45568K, 35% used [0x0000000780000000,0x0000000781000138,0x0000000782c80000)
 Metaspace       used 20918K, capacity 21083K, committed 21296K, reserved 1069056K
  class space    used 2045K, capacity 2112K, committed 2176K, reserved 1048576K
}

