# JRE version: Java(TM) SE Runtime Environment (8.0_60-b27) (build 1.8.0_60-b27)
# Java VM: Java HotSpot(TM) 64-Bit Server VM (25.60-b23 mixed mode bsd-amd64 compressed oops)
Heap:
 PSYoungGen      total 35328K, used 30551K [0x00000007aab00000, 0x00000007ad580000, 0x00000007c0000000)
  eden space 28160K, 90% used [0x00000007aab00000,0x00000007ac3ddb00,0x00000007ac680000)
  from space 7168K, 70% used [0x00000007ace80000,0x00000007ad378130,0x00000007ad580000)
  to   space 7680K, 0% used [0x00000007ac680000,0x00000007ac680000,0x00000007ace00000)
 ParOldGen       total 68608K, used 47573K [0x0000000780000000, 0x0000000784300000, 0x00000007aab00000)
  object space 68608K, 69% used [0x0000000780000000,0x0000000782e757a8,0x0000000784300000)
 Metaspace       used 21502K, capacity 21663K, committed 22064K, reserved 1069056K
  class space    used 2066K, capacity 2112K, committed 2176K, reserved 1048576K
GC Heap History (10 events):
Event: 39.590 GC heap before
{Heap before GC invocations=32 (full 2):
 PSYoungGen      total 35840K, used 35776K [0x00000007aab00000, 0x00000007ad900000, 0x00000007c0000000)
  eden space 30720K, 100% used [0x00000007aab00000,0x00000007ac900000,0x00000007ac900000)
  from space 5120K, 98% used [0x00000007ac980000,0x00000007ace70130,0x00000007ace80000)
  to   space 8192K, 0% used [0x00000007ad100000,0x00000007ad100000,0x00000007ad900000)
 ParOldGen       total 68608K, used 47573K [0x0000000780000000, 0x0000000784300000, 0x00000007aab00000)
  object space 68608K, 69% used [0x0000000780000000,0x0000000782e757a8,0x0000000784300000)
 Metaspace       used 21396K, capacity 21599K, committed 21808K, reserved 1069056K
  class space    used 2042K, capacity 2112K, committed 2176K, reserved 1048576K
Event: 39.593 GC heap after
Heap after GC invocations=32 (full 2):
 PSYoungGen      total 36864K, used 5056K [0x00000007aab00000, 0x00000007ad780000, 0x00000007c0000000)
  eden space 30208K, 0% used [0x00000007aab00000,0x00000007aab00000,0x00000007ac880000)
  from space 6656K, 75% used [0x00000007ad100000,0x00000007ad5f0130,0x00000007ad780000)
  to   space 7680K, 0% used [0x00000007ac880000,0x00000007ac880000,0x00000007ad000000)
 ParOldGen       total 68608K, used 47573K [0x0000000780000000, 0x0000000784300000, 0x00000007aab00000)
  object space 68608K, 69% used [0x0000000780000000,0x0000000782e757a8,0x0000000784300000)
 Metaspace       used 21396K, capacity 21599K, committed 21808K, reserved 1069056K
  class space    used 2042K, capacity 2112K, committed 2176K, reserved 1048576K
}
Event: 42.577 GC heap before
{Heap before GC invocations=33 (full 2):
 PSYoungGen      total 36864K, used 35264K [0x00000007aab00000, 0x00000007ad780000, 0x00000007c0000000)
  eden space 30208K, 100% used [0x00000007aab00000,0x00000007ac880000,0x00000007ac880000)
  from space 6656K, 75% used [0x00000007ad100000,0x00000007ad5f0130,0x00000007ad780000)
  to   space 7680K, 0% used [0x00000007ac880000,0x00000007ac880000,0x00000007ad000000)
 ParOldGen       total 68608K, used 47573K [0x0000000780000000, 0x0000000784300000, 0x00000007aab00000)
  object space 68608K, 69% used [0x0000000780000000,0x0000000782e757a8,0x0000000784300000)
 Metaspace       used 21396K, capacity 21599K, committed 21808K, reserved 1069056K
  class space    used 2042K, capacity 2112K, committed 2176K, reserved 1048576K
Event: 42.578 GC heap after
Heap after GC invocations=33 (full 2):
 PSYoungGen      total 34816K, used 5056K [0x00000007aab00000, 0x00000007ad700000, 0x00000007c0000000)
  eden space 29696K, 0% used [0x00000007aab00000,0x00000007aab00000,0x00000007ac800000)
  from space 5120K, 98% used [0x00000007ac880000,0x00000007acd70130,0x00000007acd80000)
  to   space 7680K, 0% used [0x00000007acf80000,0x00000007acf80000,0x00000007ad700000)
 ParOldGen       total 68608K, used 47573K [0x0000000780000000, 0x0000000784300000, 0x00000007aab00000)
  object space 68608K, 69% used [0x0000000780000000,0x0000000782e757a8,0x0000000784300000)
 Metaspace       used 21396K, capacity 21599K, committed 21808K, reserved 1069056K
  class space    used 2042K, capacity 2112K, committed 2176K, reserved 1048576K
}
Event: 46.068 GC heap before
{Heap before GC invocations=34 (full 2):
 PSYoungGen      total 34816K, used 34752K [0x00000007aab00000, 0x00000007ad700000, 0x00000007c0000000)
  eden space 29696K, 100% used [0x00000007aab00000,0x00000007ac800000,0x00000007ac800000)
  from space 5120K, 98% used [0x00000007ac880000,0x00000007acd70130,0x00000007acd80000)
  to   space 7680K, 0% used [0x00000007acf80000,0x00000007acf80000,0x00000007ad700000)
 ParOldGen       total 68608K, used 47573K [0x0000000780000000, 0x0000000784300000, 0x00000007aab00000)
  object space 68608K, 69% used [0x0000000780000000,0x0000000782e757a8,0x0000000784300000)
 Metaspace       used 21396K, capacity 21599K, committed 21808K, reserved 1069056K
  class space    used 2042K, capacity 2112K, committed 2176K, reserved 1048576K
Event: 46.070 GC heap after
Heap after GC invocations=34 (full 2):
 PSYoungGen      total 36352K, used 5056K [0x00000007aab00000, 0x00000007ad680000, 0x00000007c0000000)
  eden space 29184K, 0% used [0x00000007aab00000,0x00000007aab00000,0x00000007ac780000)
  from space 7168K, 70% used [0x00000007acf80000,0x00000007ad470130,0x00000007ad680000)
  to   space 7680K, 0% used [0x00000007ac780000,0x00000007ac780000,0x00000007acf00000)
 ParOldGen       total 68608K, used 47573K [0x0000000780000000, 0x0000000784300000, 0x00000007aab00000)
  object space 68608K, 69% used [0x0000000780000000,0x0000000782e757a8,0x0000000784300000)
 Metaspace       used 21396K, capacity 21599K, committed 21808K, reserved 1069056K
  class space    used 2042K, capacity 2112K, committed 2176K, reserved 1048576K
}
Event: 48.910 GC heap before
{Heap before GC invocations=35 (full 2):
 PSYoungGen      total 36352K, used 34240K [0x00000007aab00000, 0x00000007ad680000, 0x00000007c0000000)
  eden space 29184K, 100% used [0x00000007aab00000,0x00000007ac780000,0x00000007ac780000)
  from space 7168K, 70% used [0x00000007acf80000,0x00000007ad470130,0x00000007ad680000)
  to   space 7680K, 0% used [0x00000007ac780000,0x00000007ac780000,0x00000007acf00000)
 ParOldGen       total 68608K, used 47573K [0x0000000780000000, 0x0000000784300000, 0x00000007aab00000)
  object space 68608K, 69% used [0x0000000780000000,0x0000000782e757a8,0x0000000784300000)
 Metaspace       used 21396K, capacity 21599K, committed 21808K, reserved 1069056K
  class space    used 2042K, capacity 2112K, committed 2176K, reserved 1048576K
Event: 48.913 GC heap after
Heap after GC invocations=35 (full 2):
 PSYoungGen      total 33792K, used 5088K [0x00000007aab00000, 0x00000007ad600000, 0x00000007c0000000)
  eden space 28672K, 0% used [0x00000007aab00000,0x00000007aab00000,0x00000007ac700000)
  from space 5120K, 99% used [0x00000007ac780000,0x00000007acc78130,0x00000007acc80000)
  to   space 7680K, 0% used [0x00000007ace80000,0x00000007ace80000,0x00000007ad600000)
 ParOldGen       total 68608K, used 47573K [0x0000000780000000, 0x0000000784300000, 0x00000007aab00000)
  object space 68608K, 69% used [0x0000000780000000,0x0000000782e757a8,0x0000000784300000)
 Metaspace       used 21396K, capacity 21599K, committed 21808K, reserved 1069056K
  class space    used 2042K, capacity 2112K, committed 2176K, reserved 1048576K
}
Event: 51.624 GC heap before
{Heap before GC invocations=36 (full 2):
 PSYoungGen      total 33792K, used 33760K [0x00000007aab00000, 0x00000007ad600000, 0x00000007c0000000)
  eden space 28672K, 100% used [0x00000007aab00000,0x00000007ac700000,0x00000007ac700000)
  from space 5120K, 99% used [0x00000007ac780000,0x00000007acc78130,0x00000007acc80000)
  to   space 7680K, 0% used [0x00000007ace80000,0x00000007ace80000,0x00000007ad600000)
 ParOldGen       total 68608K, used 47573K [0x0000000780000000, 0x0000000784300000, 0x00000007aab00000)
  object space 68608K, 69% used [0x0000000780000000,0x0000000782e757a8,0x0000000784300000)
 Metaspace       used 21396K, capacity 21599K, committed 21808K, reserved 1069056K
  class space    used 2042K, capacity 2112K, committed 2176K, reserved 1048576K
Event: 51.626 GC heap after
Heap after GC invocations=36 (full 2):
 PSYoungGen      total 35328K, used 5088K [0x00000007aab00000, 0x00000007ad580000, 0x00000007c0000000)
  eden space 28160K, 0% used [0x00000007aab00000,0x00000007aab00000,0x00000007ac680000)
  from space 7168K, 70% used [0x00000007ace80000,0x00000007ad378130,0x00000007ad580000)
  to   space 7680K, 0% used [0x00000007ac680000,0x00000007ac680000,0x00000007ace00000)
 ParOldGen       total 68608K, used 47573K [0x0000000780000000, 0x0000000784300000, 0x00000007aab00000)
  object space 68608K, 69% used [0x0000000780000000,0x0000000782e757a8,0x0000000784300000)
 Metaspace       used 21396K, capacity 21599K, committed 21808K, reserved 1069056K
  class space    used 2042K, capacity 2112K, committed 2176K, reserved 1048576K
}

