# JRE version: Java(TM) SE Runtime Environment (8.0_60-b27) (build 1.8.0_60-b27)
# Java VM: Java HotSpot(TM) 64-Bit Server VM (25.60-b23 mixed mode bsd-amd64 compressed oops)
Heap:
 PSYoungGen      total 161280K, used 141171K [0x00000007aab00000, 0x00000007b9580000, 0x00000007c0000000)
  eden space 142848K, 93% used [0x00000007aab00000,0x00000007b2de3f38,0x00000007b3680000)
  from space 18432K, 38% used [0x00000007b3680000,0x00000007b3d78d60,0x00000007b4880000)
  to   space 28160K, 0% used [0x00000007b7a00000,0x00000007b7a00000,0x00000007b9580000)
 ParOldGen       total 133120K, used 80009K [0x0000000780000000, 0x0000000788200000, 0x00000007aab00000)
  object space 133120K, 60% used [0x0000000780000000,0x0000000784e225c8,0x0000000788200000)
 Metaspace       used 19966K, capacity 20179K, committed 20480K, reserved 1067008K
  class space    used 1955K, capacity 2046K, committed 2048K, reserved 1048576K
GC Heap History (10 events):
Event: 15.874 GC heap before
{Heap before GC invocations=11 (full 0):
 PSYoungGen      total 109056K, used 109024K [0x00000007aab00000, 0x00000007b3080000, 0x00000007c0000000)
  eden space 93696K, 100% used [0x00000007aab00000,0x00000007b0680000,0x00000007b0680000)
  from space 15360K, 99% used [0x00000007b1980000,0x00000007b28783b0,0x00000007b2880000)
  to   space 19456K, 0% used [0x00000007b0680000,0x00000007b0680000,0x00000007b1980000)
 ParOldGen       total 44032K, used 31291K [0x0000000780000000, 0x0000000782b00000, 0x00000007aab00000)
  object space 44032K, 71% used [0x0000000780000000,0x0000000781e8eed0,0x0000000782b00000)
 Metaspace       used 19348K, capacity 19539K, committed 19712K, reserved 1067008K
  class space    used 1902K, capacity 1982K, committed 2048K, reserved 1048576K
Event: 15.903 GC heap after
Heap after GC invocations=11 (full 0):
 PSYoungGen      total 113152K, used 7872K [0x00000007aab00000, 0x00000007b6280000, 0x00000007c0000000)
  eden space 93696K, 0% used [0x00000007aab00000,0x00000007aab00000,0x00000007b0680000)
  from space 19456K, 40% used [0x00000007b0680000,0x00000007b0e301e0,0x00000007b1980000)
  to   space 18944K, 0% used [0x00000007b5000000,0x00000007b5000000,0x00000007b6280000)
 ParOldGen       total 46592K, used 46512K [0x0000000780000000, 0x0000000782d80000, 0x00000007aab00000)
  object space 46592K, 99% used [0x0000000780000000,0x0000000782d6c290,0x0000000782d80000)
 Metaspace       used 19348K, capacity 19539K, committed 19712K, reserved 1067008K
  class space    used 1902K, capacity 1982K, committed 2048K, reserved 1048576K
}
Event: 15.903 GC heap before
{Heap before GC invocations=12 (full 1):
 PSYoungGen      total 113152K, used 7872K [0x00000007aab00000, 0x00000007b6280000, 0x00000007c0000000)
  eden space 93696K, 0% used [0x00000007aab00000,0x00000007aab00000,0x00000007b0680000)
  from space 19456K, 40% used [0x00000007b0680000,0x00000007b0e301e0,0x00000007b1980000)
  to   space 18944K, 0% used [0x00000007b5000000,0x00000007b5000000,0x00000007b6280000)
 ParOldGen       total 46592K, used 46512K [0x0000000780000000, 0x0000000782d80000, 0x00000007aab00000)
  object space 46592K, 99% used [0x0000000780000000,0x0000000782d6c290,0x0000000782d80000)
 Metaspace       used 19348K, capacity 19539K, committed 19712K, reserved 1067008K
  class space    used 1902K, capacity 1982K, committed 2048K, reserved 1048576K
Event: 15.989 GC heap after
Heap after GC invocations=12 (full 1):
 PSYoungGen      total 113152K, used 2596K [0x00000007aab00000, 0x00000007b6280000, 0x00000007c0000000)
  eden space 93696K, 0% used [0x00000007aab00000,0x00000007aab00000,0x00000007b0680000)
  from space 19456K, 13% used [0x00000007b0680000,0x00000007b09093c0,0x00000007b1980000)
  to   space 18944K, 0% used [0x00000007b5000000,0x00000007b5000000,0x00000007b6280000)
 ParOldGen       total 80384K, used 46293K [0x0000000780000000, 0x0000000784e80000, 0x00000007aab00000)
  object space 80384K, 57% used [0x0000000780000000,0x0000000782d357c8,0x0000000784e80000)
 Metaspace       used 19348K, capacity 19539K, committed 19712K, reserved 1067008K
  class space    used 1902K, capacity 1982K, committed 2048K, reserved 1048576K
}
Event: 19.229 GC heap before
{Heap before GC invocations=13 (full 1):
 PSYoungGen      total 113152K, used 96189K [0x00000007aab00000, 0x00000007b6280000, 0x00000007c0000000)
  eden space 93696K, 99% used [0x00000007aab00000,0x00000007b0666100,0x00000007b0680000)
  from space 19456K, 13% used [0x00000007b0680000,0x00000007b09093c0,0x00000007b1980000)
  to   space 18944K, 0% used [0x00000007b5000000,0x00000007b5000000,0x00000007b6280000)
 ParOldGen       total 80384K, used 46293K [0x0000000780000000, 0x0000000784e80000, 0x00000007aab00000)
  object space 80384K, 57% used [0x0000000780000000,0x0000000782d357c8,0x0000000784e80000)
 Metaspace       used 19469K, capacity 19667K, committed 19968K, reserved 1067008K
  class space    used 1902K, capacity 1982K, committed 2048K, reserved 1048576K
Event: 19.243 GC heap after
Heap after GC invocations=13 (full 1):
 PSYoungGen      total 140288K, used 10592K [0x00000007aab00000, 0x00000007b5a80000, 0x00000007c0000000)
  eden space 129536K, 0% used [0x00000007aab00000,0x00000007aab00000,0x00000007b2980000)
  from space 10752K, 98% used [0x00000007b5000000,0x00000007b5a582a0,0x00000007b5a80000)
  to   space 18432K, 0% used [0x00000007b3680000,0x00000007b3680000,0x00000007b4880000)
 ParOldGen       total 80384K, used 48862K [0x0000000780000000, 0x0000000784e80000, 0x00000007aab00000)
  object space 80384K, 60% used [0x0000000780000000,0x0000000782fb7868,0x0000000784e80000)
 Metaspace       used 19469K, capacity 19667K, committed 19968K, reserved 1067008K
  class space    used 1902K, capacity 1982K, committed 2048K, reserved 1048576K
}
Event: 21.606 GC heap before
{Heap before GC invocations=14 (full 1):
 PSYoungGen      total 140288K, used 140128K [0x00000007aab00000, 0x00000007b5a80000, 0x00000007c0000000)
  eden space 129536K, 100% used [0x00000007aab00000,0x00000007b2980000,0x00000007b2980000)
  from space 10752K, 98% used [0x00000007b5000000,0x00000007b5a582a0,0x00000007b5a80000)
  to   space 18432K, 0% used [0x00000007b3680000,0x00000007b3680000,0x00000007b4880000)
 ParOldGen       total 80384K, used 48862K [0x0000000780000000, 0x0000000784e80000, 0x00000007aab00000)
  object space 80384K, 60% used [0x0000000780000000,0x0000000782fb7868,0x0000000784e80000)
 Metaspace       used 19528K, capacity 19731K, committed 19968K, reserved 1067008K
  class space    used 1904K, capacity 1982K, committed 2048K, reserved 1048576K
Event: 21.657 GC heap after
Heap after GC invocations=14 (full 1):
 PSYoungGen      total 161280K, used 18422K [0x00000007aab00000, 0x00000007b9580000, 0x00000007c0000000)
  eden space 142848K, 0% used [0x00000007aab00000,0x00000007aab00000,0x00000007b3680000)
  from space 18432K, 99% used [0x00000007b3680000,0x00000007b487d920,0x00000007b4880000)
  to   space 28160K, 0% used [0x00000007b7a00000,0x00000007b7a00000,0x00000007b9580000)
 ParOldGen       total 80384K, used 68835K [0x0000000780000000, 0x0000000784e80000, 0x00000007aab00000)
  object space 80384K, 85% used [0x0000000780000000,0x0000000784338ff8,0x0000000784e80000)
 Metaspace       used 19528K, capacity 19731K, committed 19968K, reserved 1067008K
  class space    used 1904K, capacity 1982K, committed 2048K, reserved 1048576K
}
Event: 21.657 GC heap before
{Heap before GC invocations=15 (full 2):
 PSYoungGen      total 161280K, used 18422K [0x00000007aab00000, 0x00000007b9580000, 0x00000007c0000000)
  eden space 142848K, 0% used [0x00000007aab00000,0x00000007aab00000,0x00000007b3680000)
  from space 18432K, 99% used [0x00000007b3680000,0x00000007b487d920,0x00000007b4880000)
  to   space 28160K, 0% used [0x00000007b7a00000,0x00000007b7a00000,0x00000007b9580000)
 ParOldGen       total 80384K, used 68835K [0x0000000780000000, 0x0000000784e80000, 0x00000007aab00000)
  object space 80384K, 85% used [0x0000000780000000,0x0000000784338ff8,0x0000000784e80000)
 Metaspace       used 19528K, capacity 19731K, committed 19968K, reserved 1067008K
  class space    used 1904K, capacity 1982K, committed 2048K, reserved 1048576K
Event: 21.886 GC heap after
Heap after GC invocations=15 (full 2):
 PSYoungGen      total 161280K, used 7139K [0x00000007aab00000, 0x00000007b9580000, 0x00000007c0000000)
  eden space 142848K, 0% used [0x00000007aab00000,0x00000007aab00000,0x00000007b3680000)
  from space 18432K, 38% used [0x00000007b3680000,0x00000007b3d78d60,0x00000007b4880000)
  to   space 28160K, 0% used [0x00000007b7a00000,0x00000007b7a00000,0x00000007b9580000)
 ParOldGen       total 133120K, used 80009K [0x0000000780000000, 0x0000000788200000, 0x00000007aab00000)
  object space 133120K, 60% used [0x0000000780000000,0x0000000784e225c8,0x0000000788200000)
 Metaspace       used 19528K, capacity 19731K, committed 19968K, reserved 1067008K
  class space    used 1904K, capacity 1982K, committed 2048K, reserved 1048576K
}

