# JRE version: Java(TM) SE Runtime Environment (8.0_60-b27) (build 1.8.0_60-b27)
# Java VM: Java HotSpot(TM) 64-Bit Server VM (25.60-b23 mixed mode bsd-amd64 compressed oops)
Heap:
 PSYoungGen      total 35840K, used 13171K [0x00000007aab00000, 0x00000007ad980000, 0x00000007c0000000)
  eden space 25088K, 20% used [0x00000007aab00000,0x00000007ab014b50,0x00000007ac380000)
  from space 10752K, 74% used [0x00000007ace80000,0x00000007ad648200,0x00000007ad900000)
  to   space 11264K, 0% used [0x00000007ac380000,0x00000007ac380000,0x00000007ace80000)
 ParOldGen       total 66560K, used 52496K [0x0000000780000000, 0x0000000784100000, 0x00000007aab00000)
  object space 66560K, 78% used [0x0000000780000000,0x00000007833443c0,0x0000000784100000)
 Metaspace       used 21414K, capacity 21591K, committed 21808K, reserved 1069056K
  class space    used 2048K, capacity 2112K, committed 2176K, reserved 1048576K
GC Heap History (10 events):
Event: 32.267 GC heap before
{Heap before GC invocations=30 (full 2):
 PSYoungGen      total 36864K, used 28736K [0x00000007aab00000, 0x00000007adb00000, 0x00000007c0000000)
  eden space 28672K, 100% used [0x00000007aab00000,0x00000007ac700000,0x00000007ac700000)
  from space 8192K, 0% used [0x00000007ac700000,0x00000007ac710000,0x00000007acf00000)
  to   space 8192K, 0% used [0x00000007ad300000,0x00000007ad300000,0x00000007adb00000)
 ParOldGen       total 66560K, used 52488K [0x0000000780000000, 0x0000000784100000, 0x00000007aab00000)
  object space 66560K, 78% used [0x0000000780000000,0x00000007833423c0,0x0000000784100000)
 Metaspace       used 21371K, capacity 21591K, committed 21808K, reserved 1069056K
  class space    used 2040K, capacity 2112K, committed 2176K, reserved 1048576K
Event: 32.268 GC heap after
Heap after GC invocations=30 (full 2):
 PSYoungGen      total 31744K, used 128K [0x00000007aab00000, 0x00000007ad680000, 0x00000007c0000000)
  eden space 28160K, 0% used [0x00000007aab00000,0x00000007aab00000,0x00000007ac680000)
  from space 3584K, 3% used [0x00000007ad300000,0x00000007ad320000,0x00000007ad680000)
  to   space 8192K, 0% used [0x00000007ac680000,0x00000007ac680000,0x00000007ace80000)
 ParOldGen       total 66560K, used 52488K [0x0000000780000000, 0x0000000784100000, 0x00000007aab00000)
  object space 66560K, 78% used [0x0000000780000000,0x00000007833423c0,0x0000000784100000)
 Metaspace       used 21371K, capacity 21591K, committed 21808K, reserved 1069056K
  class space    used 2040K, capacity 2112K, committed 2176K, reserved 1048576K
}
Event: 33.655 GC heap before
{Heap before GC invocations=31 (full 2):
 PSYoungGen      total 31744K, used 28288K [0x00000007aab00000, 0x00000007ad680000, 0x00000007c0000000)
  eden space 28160K, 100% used [0x00000007aab00000,0x00000007ac680000,0x00000007ac680000)
  from space 3584K, 3% used [0x00000007ad300000,0x00000007ad320000,0x00000007ad680000)
  to   space 8192K, 0% used [0x00000007ac680000,0x00000007ac680000,0x00000007ace80000)
 ParOldGen       total 66560K, used 52488K [0x0000000780000000, 0x0000000784100000, 0x00000007aab00000)
  object space 66560K, 78% used [0x0000000780000000,0x00000007833423c0,0x0000000784100000)
 Metaspace       used 21371K, capacity 21591K, committed 21808K, reserved 1069056K
  class space    used 2040K, capacity 2112K, committed 2176K, reserved 1048576K
Event: 33.657 GC heap after
Heap after GC invocations=31 (full 2):
 PSYoungGen      total 31744K, used 3920K [0x00000007aab00000, 0x00000007ad600000, 0x00000007c0000000)
  eden space 27648K, 0% used [0x00000007aab00000,0x00000007aab00000,0x00000007ac600000)
  from space 4096K, 95% used [0x00000007ac680000,0x00000007aca54110,0x00000007aca80000)
  to   space 8192K, 0% used [0x00000007ace00000,0x00000007ace00000,0x00000007ad600000)
 ParOldGen       total 66560K, used 52488K [0x0000000780000000, 0x0000000784100000, 0x00000007aab00000)
  object space 66560K, 78% used [0x0000000780000000,0x00000007833423c0,0x0000000784100000)
 Metaspace       used 21371K, capacity 21591K, committed 21808K, reserved 1069056K
  class space    used 2040K, capacity 2112K, committed 2176K, reserved 1048576K
}
Event: 34.331 GC heap before
{Heap before GC invocations=32 (full 2):
 PSYoungGen      total 31744K, used 31568K [0x00000007aab00000, 0x00000007ad600000, 0x00000007c0000000)
  eden space 27648K, 100% used [0x00000007aab00000,0x00000007ac600000,0x00000007ac600000)
  from space 4096K, 95% used [0x00000007ac680000,0x00000007aca54110,0x00000007aca80000)
  to   space 8192K, 0% used [0x00000007ace00000,0x00000007ace00000,0x00000007ad600000)
 ParOldGen       total 66560K, used 52488K [0x0000000780000000, 0x0000000784100000, 0x00000007aab00000)
  object space 66560K, 78% used [0x0000000780000000,0x00000007833423c0,0x0000000784100000)
 Metaspace       used 21380K, capacity 21591K, committed 21808K, reserved 1069056K
  class space    used 2040K, capacity 2112K, committed 2176K, reserved 1048576K
Event: 34.336 GC heap after
Heap after GC invocations=32 (full 2):
 PSYoungGen      total 34304K, used 8000K [0x00000007aab00000, 0x00000007ad880000, 0x00000007c0000000)
  eden space 26112K, 0% used [0x00000007aab00000,0x00000007aab00000,0x00000007ac480000)
  from space 8192K, 97% used [0x00000007ace00000,0x00000007ad5d0200,0x00000007ad600000)
  to   space 9728K, 0% used [0x00000007ac480000,0x00000007ac480000,0x00000007ace00000)
 ParOldGen       total 66560K, used 52496K [0x0000000780000000, 0x0000000784100000, 0x00000007aab00000)
  object space 66560K, 78% used [0x0000000780000000,0x00000007833443c0,0x0000000784100000)
 Metaspace       used 21380K, capacity 21591K, committed 21808K, reserved 1069056K
  class space    used 2040K, capacity 2112K, committed 2176K, reserved 1048576K
}
Event: 36.475 GC heap before
{Heap before GC invocations=33 (full 2):
 PSYoungGen      total 34304K, used 34112K [0x00000007aab00000, 0x00000007ad880000, 0x00000007c0000000)
  eden space 26112K, 100% used [0x00000007aab00000,0x00000007ac480000,0x00000007ac480000)
  from space 8192K, 97% used [0x00000007ace00000,0x00000007ad5d0200,0x00000007ad600000)
  to   space 9728K, 0% used [0x00000007ac480000,0x00000007ac480000,0x00000007ace00000)
 ParOldGen       total 66560K, used 52496K [0x0000000780000000, 0x0000000784100000, 0x00000007aab00000)
  object space 66560K, 78% used [0x0000000780000000,0x00000007833443c0,0x0000000784100000)
 Metaspace       used 21380K, capacity 21591K, committed 21808K, reserved 1069056K
  class space    used 2040K, capacity 2112K, committed 2176K, reserved 1048576K
Event: 36.478 GC heap after
Heap after GC invocations=33 (full 2):
 PSYoungGen      total 35328K, used 7936K [0x00000007aab00000, 0x00000007ad900000, 0x00000007c0000000)
  eden space 25600K, 0% used [0x00000007aab00000,0x00000007aab00000,0x00000007ac400000)
  from space 9728K, 81% used [0x00000007ac480000,0x00000007acc40200,0x00000007ace00000)
  to   space 10752K, 0% used [0x00000007ace80000,0x00000007ace80000,0x00000007ad900000)
 ParOldGen       total 66560K, used 52496K [0x0000000780000000, 0x0000000784100000, 0x00000007aab00000)
  object space 66560K, 78% used [0x0000000780000000,0x00000007833443c0,0x0000000784100000)
 Metaspace       used 21380K, capacity 21591K, committed 21808K, reserved 1069056K
  class space    used 2040K, capacity 2112K, committed 2176K, reserved 1048576K
}
Event: 38.652 GC heap before
{Heap before GC invocations=34 (full 2):
 PSYoungGen      total 35328K, used 33536K [0x00000007aab00000, 0x00000007ad900000, 0x00000007c0000000)
  eden space 25600K, 100% used [0x00000007aab00000,0x00000007ac400000,0x00000007ac400000)
  from space 9728K, 81% used [0x00000007ac480000,0x00000007acc40200,0x00000007ace00000)
  to   space 10752K, 0% used [0x00000007ace80000,0x00000007ace80000,0x00000007ad900000)
 ParOldGen       total 66560K, used 52496K [0x0000000780000000, 0x0000000784100000, 0x00000007aab00000)
  object space 66560K, 78% used [0x0000000780000000,0x00000007833443c0,0x0000000784100000)
 Metaspace       used 21380K, capacity 21591K, committed 21808K, reserved 1069056K
  class space    used 2040K, capacity 2112K, committed 2176K, reserved 1048576K
Event: 38.655 GC heap after
Heap after GC invocations=34 (full 2):
 PSYoungGen      total 35840K, used 7968K [0x00000007aab00000, 0x00000007ad980000, 0x00000007c0000000)
  eden space 25088K, 0% used [0x00000007aab00000,0x00000007aab00000,0x00000007ac380000)
  from space 10752K, 74% used [0x00000007ace80000,0x00000007ad648200,0x00000007ad900000)
  to   space 11264K, 0% used [0x00000007ac380000,0x00000007ac380000,0x00000007ace80000)
 ParOldGen       total 66560K, used 52496K [0x0000000780000000, 0x0000000784100000, 0x00000007aab00000)
  object space 66560K, 78% used [0x0000000780000000,0x00000007833443c0,0x0000000784100000)
 Metaspace       used 21380K, capacity 21591K, committed 21808K, reserved 1069056K
  class space    used 2040K, capacity 2112K, committed 2176K, reserved 1048576K
}

