# JRE version: Java(TM) SE Runtime Environment (8.0_60-b27) (build 1.8.0_60-b27)
# Java VM: Java HotSpot(TM) 64-Bit Server VM (25.60-b23 mixed mode bsd-amd64 compressed oops)
Heap:
 PSYoungGen      total 24064K, used 17969K [0x00000007aab00000, 0x00000007ad200000, 0x00000007c0000000)
  eden space 23552K, 75% used [0x00000007aab00000,0x00000007abc74648,0x00000007ac200000)
  from space 512K, 18% used [0x00000007ad180000,0x00000007ad198000,0x00000007ad200000)
  to   space 512K, 0% used [0x00000007ad100000,0x00000007ad100000,0x00000007ad180000)
 ParOldGen       total 124928K, used 96889K [0x0000000780000000, 0x0000000787a00000, 0x00000007aab00000)
  object space 124928K, 77% used [0x0000000780000000,0x0000000785e9e620,0x0000000787a00000)
 Metaspace       used 20313K, capacity 20471K, committed 20736K, reserved 1069056K
  class space    used 1940K, capacity 2014K, committed 2048K, reserved 1048576K
GC Heap History (10 events):
Event: 1866.790 GC heap before
{Heap before GC invocations=3794 (full 2):
 PSYoungGen      total 24064K, used 23616K [0x00000007aab00000, 0x00000007ad200000, 0x00000007c0000000)
  eden space 23552K, 100% used [0x00000007aab00000,0x00000007ac200000,0x00000007ac200000)
  from space 512K, 12% used [0x00000007ad100000,0x00000007ad110000,0x00000007ad180000)
  to   space 512K, 0% used [0x00000007ad180000,0x00000007ad180000,0x00000007ad200000)
 ParOldGen       total 124928K, used 96889K [0x0000000780000000, 0x0000000787a00000, 0x00000007aab00000)
  object space 124928K, 77% used [0x0000000780000000,0x0000000785e9e620,0x0000000787a00000)
 Metaspace       used 20285K, capacity 20471K, committed 20736K, reserved 1069056K
  class space    used 1933K, capacity 2014K, committed 2048K, reserved 1048576K
Event: 1866.792 GC heap after
Heap after GC invocations=3794 (full 2):
 PSYoungGen      total 24064K, used 64K [0x00000007aab00000, 0x00000007ad200000, 0x00000007c0000000)
  eden space 23552K, 0% used [0x00000007aab00000,0x00000007aab00000,0x00000007ac200000)
  from space 512K, 12% used [0x00000007ad180000,0x00000007ad190000,0x00000007ad200000)
  to   space 512K, 0% used [0x00000007ad100000,0x00000007ad100000,0x00000007ad180000)
 ParOldGen       total 124928K, used 96889K [0x0000000780000000, 0x0000000787a00000, 0x00000007aab00000)
  object space 124928K, 77% used [0x0000000780000000,0x0000000785e9e620,0x0000000787a00000)
 Metaspace       used 20285K, capacity 20471K, committed 20736K, reserved 1069056K
  class space    used 1933K, capacity 2014K, committed 2048K, reserved 1048576K
}
Event: 1867.249 GC heap before
{Heap before GC invocations=3795 (full 2):
 PSYoungGen      total 24064K, used 23616K [0x00000007aab00000, 0x00000007ad200000, 0x00000007c0000000)
  eden space 23552K, 100% used [0x00000007aab00000,0x00000007ac200000,0x00000007ac200000)
  from space 512K, 12% used [0x00000007ad180000,0x00000007ad190000,0x00000007ad200000)
  to   space 512K, 0% used [0x00000007ad100000,0x00000007ad100000,0x00000007ad180000)
 ParOldGen       total 124928K, used 96889K [0x0000000780000000, 0x0000000787a00000, 0x00000007aab00000)
  object space 124928K, 77% used [0x0000000780000000,0x0000000785e9e620,0x0000000787a00000)
 Metaspace       used 20285K, capacity 20471K, committed 20736K, reserved 1069056K
  class space    used 1933K, capacity 2014K, committed 2048K, reserved 1048576K
Event: 1867.251 GC heap after
Heap after GC invocations=3795 (full 2):
 PSYoungGen      total 24064K, used 64K [0x00000007aab00000, 0x00000007ad200000, 0x00000007c0000000)
  eden space 23552K, 0% used [0x00000007aab00000,0x00000007aab00000,0x00000007ac200000)
  from space 512K, 12% used [0x00000007ad100000,0x00000007ad110000,0x00000007ad180000)
  to   space 512K, 0% used [0x00000007ad180000,0x00000007ad180000,0x00000007ad200000)
 ParOldGen       total 124928K, used 96889K [0x0000000780000000, 0x0000000787a00000, 0x00000007aab00000)
  object space 124928K, 77% used [0x0000000780000000,0x0000000785e9e620,0x0000000787a00000)
 Metaspace       used 20285K, capacity 20471K, committed 20736K, reserved 1069056K
  class space    used 1933K, capacity 2014K, committed 2048K, reserved 1048576K
}
Event: 1867.752 GC heap before
{Heap before GC invocations=3796 (full 2):
 PSYoungGen      total 24064K, used 23616K [0x00000007aab00000, 0x00000007ad200000, 0x00000007c0000000)
  eden space 23552K, 100% used [0x00000007aab00000,0x00000007ac200000,0x00000007ac200000)
  from space 512K, 12% used [0x00000007ad100000,0x00000007ad110000,0x00000007ad180000)
  to   space 512K, 0% used [0x00000007ad180000,0x00000007ad180000,0x00000007ad200000)
 ParOldGen       total 124928K, used 96889K [0x0000000780000000, 0x0000000787a00000, 0x00000007aab00000)
  object space 124928K, 77% used [0x0000000780000000,0x0000000785e9e620,0x0000000787a00000)
 Metaspace       used 20285K, capacity 20471K, committed 20736K, reserved 1069056K
  class space    used 1933K, capacity 2014K, committed 2048K, reserved 1048576K
Event: 1867.754 GC heap after
Heap after GC invocations=3796 (full 2):
 PSYoungGen      total 24064K, used 128K [0x00000007aab00000, 0x00000007ad200000, 0x00000007c0000000)
  eden space 23552K, 0% used [0x00000007aab00000,0x00000007aab00000,0x00000007ac200000)
  from space 512K, 25% used [0x00000007ad180000,0x00000007ad1a0000,0x00000007ad200000)
  to   space 512K, 0% used [0x00000007ad100000,0x00000007ad100000,0x00000007ad180000)
 ParOldGen       total 124928K, used 96889K [0x0000000780000000, 0x0000000787a00000, 0x00000007aab00000)
  object space 124928K, 77% used [0x0000000780000000,0x0000000785e9e620,0x0000000787a00000)
 Metaspace       used 20285K, capacity 20471K, committed 20736K, reserved 1069056K
  class space    used 1933K, capacity 2014K, committed 2048K, reserved 1048576K
}
Event: 1868.277 GC heap before
{Heap before GC invocations=3797 (full 2):
 PSYoungGen      total 24064K, used 23680K [0x00000007aab00000, 0x00000007ad200000, 0x00000007c0000000)
  eden space 23552K, 100% used [0x00000007aab00000,0x00000007ac200000,0x00000007ac200000)
  from space 512K, 25% used [0x00000007ad180000,0x00000007ad1a0000,0x00000007ad200000)
  to   space 512K, 0% used [0x00000007ad100000,0x00000007ad100000,0x00000007ad180000)
 ParOldGen       total 124928K, used 96889K [0x0000000780000000, 0x0000000787a00000, 0x00000007aab00000)
  object space 124928K, 77% used [0x0000000780000000,0x0000000785e9e620,0x0000000787a00000)
 Metaspace       used 20285K, capacity 20471K, committed 20736K, reserved 1069056K
  class space    used 1933K, capacity 2014K, committed 2048K, reserved 1048576K
Event: 1868.279 GC heap after
Heap after GC invocations=3797 (full 2):
 PSYoungGen      total 24064K, used 96K [0x00000007aab00000, 0x00000007ad200000, 0x00000007c0000000)
  eden space 23552K, 0% used [0x00000007aab00000,0x00000007aab00000,0x00000007ac200000)
  from space 512K, 18% used [0x00000007ad100000,0x00000007ad118000,0x00000007ad180000)
  to   space 512K, 0% used [0x00000007ad180000,0x00000007ad180000,0x00000007ad200000)
 ParOldGen       total 124928K, used 96889K [0x0000000780000000, 0x0000000787a00000, 0x00000007aab00000)
  object space 124928K, 77% used [0x0000000780000000,0x0000000785e9e620,0x0000000787a00000)
 Metaspace       used 20285K, capacity 20471K, committed 20736K, reserved 1069056K
  class space    used 1933K, capacity 2014K, committed 2048K, reserved 1048576K
}
Event: 1868.687 GC heap before
{Heap before GC invocations=3798 (full 2):
 PSYoungGen      total 24064K, used 23648K [0x00000007aab00000, 0x00000007ad200000, 0x00000007c0000000)
  eden space 23552K, 100% used [0x00000007aab00000,0x00000007ac200000,0x00000007ac200000)
  from space 512K, 18% used [0x00000007ad100000,0x00000007ad118000,0x00000007ad180000)
  to   space 512K, 0% used [0x00000007ad180000,0x00000007ad180000,0x00000007ad200000)
 ParOldGen       total 124928K, used 96889K [0x0000000780000000, 0x0000000787a00000, 0x00000007aab00000)
  object space 124928K, 77% used [0x0000000780000000,0x0000000785e9e620,0x0000000787a00000)
 Metaspace       used 20285K, capacity 20471K, committed 20736K, reserved 1069056K
  class space    used 1933K, capacity 2014K, committed 2048K, reserved 1048576K
Event: 1868.689 GC heap after
Heap after GC invocations=3798 (full 2):
 PSYoungGen      total 24064K, used 96K [0x00000007aab00000, 0x00000007ad200000, 0x00000007c0000000)
  eden space 23552K, 0% used [0x00000007aab00000,0x00000007aab00000,0x00000007ac200000)
  from space 512K, 18% used [0x00000007ad180000,0x00000007ad198000,0x00000007ad200000)
  to   space 512K, 0% used [0x00000007ad100000,0x00000007ad100000,0x00000007ad180000)
 ParOldGen       total 124928K, used 96889K [0x0000000780000000, 0x0000000787a00000, 0x00000007aab00000)
  object space 124928K, 77% used [0x0000000780000000,0x0000000785e9e620,0x0000000787a00000)
 Metaspace       used 20285K, capacity 20471K, committed 20736K, reserved 1069056K
  class space    used 1933K, capacity 2014K, committed 2048K, reserved 1048576K
}

